<?xml version="1.0" encoding="UTF-8"?>
<testng-results ignored="0" total="2" passed="2" failed="0" skipped="0">
  <reporter-output>
  </reporter-output>
  <suite started-at="2024-08-15T14:55:00 IST" name="Default suite" finished-at="2024-08-15T14:55:15 IST" duration-ms="15097">
    <groups>
    </groups>
    <test started-at="2024-08-15T14:55:00 IST" name="Default test" finished-at="2024-08-15T14:55:15 IST" duration-ms="15097">
      <class name="urbanMatch.VIPMembership">
        <test-method is-config="true" signature="browserSetup()[pri:0, instance:urbanMatch.VIPMembership@3fc2959f]" started-at="2024-08-15T14:55:00 IST" name="browserSetup" finished-at="2024-08-15T14:55:09 IST" duration-ms="8920" status="PASS">
          <reporter-output>
          </reporter-output>
        </test-method> <!-- browserSetup -->
        <test-method signature="verifyVIPMembership()[pri:1, instance:urbanMatch.VIPMembership@3fc2959f]" started-at="2024-08-15T14:55:09 IST" name="verifyVIPMembership" finished-at="2024-08-15T14:55:15 IST" duration-ms="6077" status="PASS">
          <reporter-output>
          </reporter-output>
        </test-method> <!-- verifyVIPMembership -->
        <test-method signature="verifyStart()[pri:2, instance:urbanMatch.VIPMembership@3fc2959f]" started-at="2024-08-15T14:55:15 IST" name="verifyStart" finished-at="2024-08-15T14:55:15 IST" duration-ms="12" status="PASS">
          <reporter-output>
          </reporter-output>
        </test-method> <!-- verifyStart -->
      </class> <!-- urbanMatch.VIPMembership -->
    </test> <!-- Default test -->
  </suite> <!-- Default suite -->
</testng-results>
