<?xml version="1.0" encoding="UTF-8"?>
<testng-results ignored="0" total="2" passed="2" failed="0" skipped="0">
  <reporter-output>
  </reporter-output>
  <suite started-at="2024-08-16T14:02:10 IST" name="Default suite" finished-at="2024-08-16T14:03:03 IST" duration-ms="52345">
    <groups>
    </groups>
    <test started-at="2024-08-16T14:02:10 IST" name="Default test" finished-at="2024-08-16T14:03:03 IST" duration-ms="52345">
      <class name="urbanMatch.VIPMembership">
        <test-method is-config="true" signature="browserSetup()[pri:0, instance:urbanMatch.VIPMembership@5aa9e4eb]" started-at="2024-08-16T14:02:10 IST" name="browserSetup" finished-at="2024-08-16T14:02:21 IST" duration-ms="10186" status="PASS">
          <reporter-output>
          </reporter-output>
        </test-method> <!-- browserSetup -->
        <test-method signature="verifyVIPMembership()[pri:1, instance:urbanMatch.VIPMembership@5aa9e4eb]" started-at="2024-08-16T14:02:21 IST" name="verifyVIPMembership" finished-at="2024-08-16T14:02:30 IST" duration-ms="9160" status="PASS">
          <reporter-output>
          </reporter-output>
        </test-method> <!-- verifyVIPMembership -->
        <test-method signature="verifyStart()[pri:2, instance:urbanMatch.VIPMembership@5aa9e4eb]" started-at="2024-08-16T14:02:30 IST" name="verifyStart" finished-at="2024-08-16T14:03:03 IST" duration-ms="32844" status="PASS">
          <reporter-output>
          </reporter-output>
        </test-method> <!-- verifyStart -->
      </class> <!-- urbanMatch.VIPMembership -->
    </test> <!-- Default test -->
  </suite> <!-- Default suite -->
</testng-results>
